10:12:06  <App> DocumentObject.cpp(780): Changes to partial loaded document will not be saved: ТаблицаПараметров#Spreadsheet002.cells
10:12:11  <App> DocumentObject.cpp(780): Changes to partial loaded document will not be saved: роликЗащитыY#Sketch.Constraints
10:12:12  <App> PropertyLinks.cpp(437): РоликY#Element020.LinkedObject missing element reference подшипник#Chamfer Chamfer.;#556;:M;CHF;:Hb98:7,F.Face1
10:12:12  <App> PropertyLinks.cpp(437): РоликY#Element018.LinkedObject missing element reference подшипник#Chamfer Chamfer.;#557;:M;CHF;:Hb98:7,F.Face8
10:12:12  <App> PropertyLinks.cpp(437): РоликY#Element019.LinkedObject missing element reference подшипник#Chamfer Chamfer.;#556;:M;CHF;:Hb98:7,F.Face1
10:12:12  <App> PropertyLinks.cpp(437): РоликY#Element017.LinkedObject missing element reference подшипник#Chamfer Chamfer.;#557;:M;CHF;:Hb98:7,F.Face8
10:12:12  525.162286 <asm3.main> assembly.py(789): Failed to get geometry element from (РоликY#Подшипник) РоликY#Link.Chamfer.;#557;:M;CHF;:Hb98:7,F.Chamfer.?Face8
10:12:12  Traceback (most recent call last):
  File "/home/alexandr/.FreeCAD/Mod/FreeCAD_assembly3/freecad/asm3/assembly.py", line 787, in execute
    info = self.getInfo(False)
  File "/home/alexandr/.FreeCAD/Mod/FreeCAD_assembly3/freecad/asm3/assembly.py", line 1264, in getInfo
    return getElementInfo(self.getAssembly().getPartGroup(),
  File "/home/alexandr/.FreeCAD/Mod/FreeCAD_assembly3/freecad/asm3/assembly.py", line 1796, in getElementInfo
    raise RuntimeError('Failed to get geometry element from '
<class 'RuntimeError'>: Failed to get geometry element from (РоликY#Подшипник) РоликY#Link.Chamfer.;#557;:M;CHF;:Hb98:7,F.Chamfer.?Face8
10:12:12  5646.87 <App> Document.cpp(4266): Failed to recompute РоликY#Element017: Failed to get geometry element from (РоликY#Подшипник) РоликY#Link.Chamfer.;#557;:M;CHF;:Hb98:7,F.Chamfer.?Face8
10:12:12  0.012829 <asm3.main> assembly.py(789): Failed to get geometry element from (РоликY#Подшипник2) РоликY#Link007.Chamfer.;#556;:M;CHF;:Hb98:7,F.Chamfer.?Face1
10:12:12  Traceback (most recent call last):
  File "/home/alexandr/.FreeCAD/Mod/FreeCAD_assembly3/freecad/asm3/assembly.py", line 787, in execute
    info = self.getInfo(False)
  File "/home/alexandr/.FreeCAD/Mod/FreeCAD_assembly3/freecad/asm3/assembly.py", line 1264, in getInfo
    return getElementInfo(self.getAssembly().getPartGroup(),
  File "/home/alexandr/.FreeCAD/Mod/FreeCAD_assembly3/freecad/asm3/assembly.py", line 1796, in getElementInfo
    raise RuntimeError('Failed to get geometry element from '
<class 'RuntimeError'>: Failed to get geometry element from (РоликY#Подшипник2) РоликY#Link007.Chamfer.;#556;:M;CHF;:Hb98:7,F.Chamfer.?Face1
10:12:12  5646.89 <App> Document.cpp(4266): Failed to recompute РоликY#Element019: Failed to get geometry element from (РоликY#Подшипник2) РоликY#Link007.Chamfer.;#556;:M;CHF;:Hb98:7,F.Chamfer.?Face1
10:12:12  0.00449 <asm3.main> assembly.py(789): Failed to get geometry element from (РоликY#Подшипник2) РоликY#Link007.Chamfer.;#557;:M;CHF;:Hb98:7,F.Chamfer.?Face8
10:12:12  Traceback (most recent call last):
  File "/home/alexandr/.FreeCAD/Mod/FreeCAD_assembly3/freecad/asm3/assembly.py", line 787, in execute
    info = self.getInfo(False)
  File "/home/alexandr/.FreeCAD/Mod/FreeCAD_assembly3/freecad/asm3/assembly.py", line 1264, in getInfo
    return getElementInfo(self.getAssembly().getPartGroup(),
  File "/home/alexandr/.FreeCAD/Mod/FreeCAD_assembly3/freecad/asm3/assembly.py", line 1796, in getElementInfo
    raise RuntimeError('Failed to get geometry element from '
<class 'RuntimeError'>: Failed to get geometry element from (РоликY#Подшипник2) РоликY#Link007.Chamfer.;#557;:M;CHF;:Hb98:7,F.Chamfer.?Face8
10:12:12  5646.89 <App> Document.cpp(4266): Failed to recompute РоликY#Element018: Failed to get geometry element from (РоликY#Подшипник2) РоликY#Link007.Chamfer.;#557;:M;CHF;:Hb98:7,F.Chamfer.?Face8
10:12:12  0.026047 <asm3.main> assembly.py(789): Failed to get geometry element from (РоликY#Подшипник) РоликY#Link.Chamfer.;#556;:M;CHF;:Hb98:7,F.Chamfer.?Face1
10:12:12  Traceback (most recent call last):
  File "/home/alexandr/.FreeCAD/Mod/FreeCAD_assembly3/freecad/asm3/assembly.py", line 787, in execute
    info = self.getInfo(False)
  File "/home/alexandr/.FreeCAD/Mod/FreeCAD_assembly3/freecad/asm3/assembly.py", line 1264, in getInfo
    return getElementInfo(self.getAssembly().getPartGroup(),
  File "/home/alexandr/.FreeCAD/Mod/FreeCAD_assembly3/freecad/asm3/assembly.py", line 1796, in getElementInfo
    raise RuntimeError('Failed to get geometry element from '
<class 'RuntimeError'>: Failed to get geometry element from (РоликY#Подшипник) РоликY#Link.Chamfer.;#556;:M;CHF;:Hb98:7,F.Chamfer.?Face1
10:12:12  5646.92 <App> Document.cpp(4266): Failed to recompute РоликY#Element020: Failed to get geometry element from (РоликY#Подшипник) РоликY#Link.Chamfer.;#556;:M;CHF;:Hb98:7,F.Chamfer.?Face1
10:12:12  Recompute failed! Please check report view.
10:12:12  0.055584 <asm3.main> assembly.py(789): Failed to get geometry element from (РоликY#Подшипник) РоликY#Link.Chamfer.;#557;:M;CHF;:Hb98:7,F.Chamfer.?Face8
10:12:12  Traceback (most recent call last):
  File "/home/alexandr/.FreeCAD/Mod/FreeCAD_assembly3/freecad/asm3/assembly.py", line 787, in execute
    info = self.getInfo(False)
  File "/home/alexandr/.FreeCAD/Mod/FreeCAD_assembly3/freecad/asm3/assembly.py", line 1264, in getInfo
    return getElementInfo(self.getAssembly().getPartGroup(),
  File "/home/alexandr/.FreeCAD/Mod/FreeCAD_assembly3/freecad/asm3/assembly.py", line 1796, in getElementInfo
    raise RuntimeError('Failed to get geometry element from '
<class 'RuntimeError'>: Failed to get geometry element from (РоликY#Подшипник) РоликY#Link.Chamfer.;#557;:M;CHF;:Hb98:7,F.Chamfer.?Face8
10:12:12  5646.97 <App> solver.py(376)|Document.cpp(4266): Failed to recompute РоликY#Element017: Failed to get geometry element from (РоликY#Подшипник) РоликY#Link.Chamfer.;#557;:M;CHF;:Hb98:7,F.Chamfer.?Face8
10:12:12  0.004397 <asm3.main> assembly.py(789): Failed to get geometry element from (РоликY#Подшипник2) РоликY#Link007.Chamfer.;#556;:M;CHF;:Hb98:7,F.Chamfer.?Face1
10:12:12  Traceback (most recent call last):
  File "/home/alexandr/.FreeCAD/Mod/FreeCAD_assembly3/freecad/asm3/assembly.py", line 787, in execute
    info = self.getInfo(False)
  File "/home/alexandr/.FreeCAD/Mod/FreeCAD_assembly3/freecad/asm3/assembly.py", line 1264, in getInfo
    return getElementInfo(self.getAssembly().getPartGroup(),
  File "/home/alexandr/.FreeCAD/Mod/FreeCAD_assembly3/freecad/asm3/assembly.py", line 1796, in getElementInfo
    raise RuntimeError('Failed to get geometry element from '
<class 'RuntimeError'>: Failed to get geometry element from (РоликY#Подшипник2) РоликY#Link007.Chamfer.;#556;:M;CHF;:Hb98:7,F.Chamfer.?Face1
10:12:12  5646.98 <App> solver.py(376)|Document.cpp(4266): Failed to recompute РоликY#Element019: Failed to get geometry element from (РоликY#Подшипник2) РоликY#Link007.Chamfer.;#556;:M;CHF;:Hb98:7,F.Chamfer.?Face1
10:12:12  0.004457 <asm3.main> assembly.py(789): Failed to get geometry element from (РоликY#Подшипник2) РоликY#Link007.Chamfer.;#557;:M;CHF;:Hb98:7,F.Chamfer.?Face8
10:12:12  Traceback (most recent call last):
  File "/home/alexandr/.FreeCAD/Mod/FreeCAD_assembly3/freecad/asm3/assembly.py", line 787, in execute
    info = self.getInfo(False)
  File "/home/alexandr/.FreeCAD/Mod/FreeCAD_assembly3/freecad/asm3/assembly.py", line 1264, in getInfo
    return getElementInfo(self.getAssembly().getPartGroup(),
  File "/home/alexandr/.FreeCAD/Mod/FreeCAD_assembly3/freecad/asm3/assembly.py", line 1796, in getElementInfo
    raise RuntimeError('Failed to get geometry element from '
<class 'RuntimeError'>: Failed to get geometry element from (РоликY#Подшипник2) РоликY#Link007.Chamfer.;#557;:M;CHF;:Hb98:7,F.Chamfer.?Face8
10:12:12  5646.98 <App> solver.py(376)|Document.cpp(4266): Failed to recompute РоликY#Element018: Failed to get geometry element from (РоликY#Подшипник2) РоликY#Link007.Chamfer.;#557;:M;CHF;:Hb98:7,F.Chamfer.?Face8
10:12:12  0.00336 <asm3.main> assembly.py(789): Failed to get geometry element from (РоликY#Подшипник) РоликY#Link.Chamfer.;#556;:M;CHF;:Hb98:7,F.Chamfer.?Face1
10:12:12  Traceback (most recent call last):
  File "/home/alexandr/.FreeCAD/Mod/FreeCAD_assembly3/freecad/asm3/assembly.py", line 787, in execute
    info = self.getInfo(False)
  File "/home/alexandr/.FreeCAD/Mod/FreeCAD_assembly3/freecad/asm3/assembly.py", line 1264, in getInfo
    return getElementInfo(self.getAssembly().getPartGroup(),
  File "/home/alexandr/.FreeCAD/Mod/FreeCAD_assembly3/freecad/asm3/assembly.py", line 1796, in getElementInfo
    raise RuntimeError('Failed to get geometry element from '
<class 'RuntimeError'>: Failed to get geometry element from (РоликY#Подшипник) РоликY#Link.Chamfer.;#556;:M;CHF;:Hb98:7,F.Chamfer.?Face1
10:12:12  5646.98 <App> solver.py(376)|Document.cpp(4266): Failed to recompute РоликY#Element020: Failed to get geometry element from (РоликY#Подшипник) РоликY#Link.Chamfer.;#556;:M;CHF;:Hb98:7,F.Chamfer.?Face1
10:12:12  Recompute failed! Please check report view.
10:12:12  0.003271 <asm3.main> assembly.py(3918): solver exception when auto recompute
Traceback (most recent call last):
  File "<string>", line 535, in _catch
  File "/home/alexandr/.FreeCAD/Mod/FreeCAD_assembly3/freecad/asm3/solver.py", line 412, in solve
    return _solve(*args,**kargs)
  File "/home/alexandr/.FreeCAD/Mod/FreeCAD_assembly3/freecad/asm3/solver.py", line 377, in _solve
    raise RuntimeError(
RuntimeError: Failed to recompute (РоликY#Ролик) РоликY#Assembly